<?xml version="1.0" encoding="UTF-8"?>
<!-- Generated by org.testng.reporters.JUnitReportReporter -->
<testsuite hostname="DESKTOP-CLKSQFS" failures="0" tests="2" name="insurancetests.InsuranceTests" time="0.015" errors="0" timestamp="2021-07-15T01:04:26 IST" skipped="0">
  <testcase classname="insurancetests.InsuranceTests" name="test1" time="0.014"/>
  <system-out/>
  <testcase classname="insurancetests.InsuranceTests" name="test2" time="0.001"/>
  <system-out/>
</testsuite> <!-- insurancetests.InsuranceTests -->
