<?xml version="1.0" encoding="UTF-8"?>
<!-- Generated by org.testng.reporters.JUnitReportReporter -->
<testsuite hostname="DESKTOP-CLKSQFS" failures="0" tests="1" name="scenarios.LoginInvalid" time="5.678" errors="0" timestamp="2021-07-16T00:37:25 IST" skipped="0">
  <testcase classname="scenarios.LoginInvalid" name="invalid" time="5.678"/>
  <system-out/>
</testsuite> <!-- scenarios.LoginInvalid -->
