<?xml version="1.0" encoding="UTF-8"?>
<!-- Generated by org.testng.reporters.JUnitReportReporter -->
<testsuite hostname="DESKTOP-CLKSQFS" failures="0" tests="1" name="scenarios.HomePageTest" time="6.764" errors="0" timestamp="2021-07-16T00:40:01 IST" skipped="0">
  <testcase classname="scenarios.HomePageTest" name="requestquotation" time="6.764"/>
  <system-out/>
</testsuite> <!-- scenarios.HomePageTest -->
