<?xml version="1.0" encoding="UTF-8"?>
<!-- Generated by org.testng.reporters.JUnitReportReporter -->
<testsuite hostname="DESKTOP-CLKSQFS" failures="0" tests="1" name="scenario.Logout" time="8.720" errors="0" timestamp="2021-07-20T00:08:45 IST" skipped="0">
  <testcase classname="scenario.Logout" name="out" time="8.720"/>
  <system-out/>
</testsuite> <!-- scenario.Logout -->
