<?xml version="1.0" encoding="UTF-8"?>
<!-- Generated by org.testng.reporters.JUnitReportReporter -->
<testsuite hostname="DESKTOP-CLKSQFS" failures="0" tests="1" name="scenarios.LoginPageTest" time="10.118" errors="0" timestamp="2021-07-15T20:51:45 IST" skipped="0">
  <testcase classname="scenarios.LoginPageTest" name="ValidCredentials" time="10.118"/>
  <system-out/>
</testsuite> <!-- scenarios.LoginPageTest -->
