<?xml version="1.0" encoding="UTF-8"?>
<!-- Generated by org.testng.reporters.JUnitReportReporter -->
<testsuite hostname="DESKTOP-CLKSQFS" failures="0" tests="1" name="scenario.InsurancePage" time="8.627" errors="0" timestamp="2021-07-20T00:08:45 IST" skipped="0">
  <testcase classname="scenario.InsurancePage" name="requestquotation" time="8.627"/>
  <system-out/>
</testsuite> <!-- scenario.InsurancePage -->
